# JRE version: OpenJDK Runtime Environment (17.0.6) (build 17.0.6+0-b2043.56-10027231)
# Java VM: OpenJDK 64-Bit Server VM (17.0.6+0-b2043.56-10027231, mixed mode, tiered, compressed oops, compressed class ptrs, g1 gc, windows-amd64)
GC Precious Log:
 CPUs: 8 total, 8 available
 Memory: 32718M
 Large Page Support: Disabled
 NUMA Support: Disabled
 Compressed Oops: Enabled (32-bit)
 Heap Region Size: 1M
 Heap Min Capacity: 8M
 Heap Initial Capacity: 512M
 Heap Max Capacity: 2G
 Pre-touch: Disabled
 Parallel Workers: 8
 Concurrent Workers: 2
 Concurrent Refinement Workers: 8
 Periodic GC: Disabled
Heap:
 garbage-first heap   total 324608K, used 213718K [0x0000000080000000, 0x0000000100000000)
  region size 1024K, 106 young (108544K), 11 survivors (11264K)
 Metaspace       used 134297K, committed 135744K, reserved 1171456K
  class space    used 17836K, committed 18496K, reserved 1048576K
GC Heap History (20 events):
Event: 9295.801 GC heap after
{Heap after GC invocations=57 (full 2):
 garbage-first heap   total 324608K, used 116814K [0x0000000080000000, 0x0000000100000000)
  region size 1024K, 2 young (2048K), 2 survivors (2048K)
 Metaspace       used 132719K, committed 134016K, reserved 1171456K
  class space    used 17732K, committed 18304K, reserved 1048576K
}
Event: 9299.445 GC heap before
{Heap before GC invocations=57 (full 2):
 garbage-first heap   total 324608K, used 214094K [0x0000000080000000, 0x0000000100000000)
  region size 1024K, 99 young (101376K), 2 survivors (2048K)
 Metaspace       used 133273K, committed 134656K, reserved 1171456K
  class space    used 17810K, committed 18496K, reserved 1048576K
}
Event: 9299.457 GC heap after
{Heap after GC invocations=58 (full 2):
 garbage-first heap   total 324608K, used 125890K [0x0000000080000000, 0x0000000100000000)
  region size 1024K, 11 young (11264K), 11 survivors (11264K)
 Metaspace       used 133273K, committed 134656K, reserved 1171456K
  class space    used 17810K, committed 18496K, reserved 1048576K
}
Event: 9394.027 GC heap before
{Heap before GC invocations=59 (full 2):
 garbage-first heap   total 324608K, used 296898K [0x0000000080000000, 0x0000000100000000)
  region size 1024K, 128 young (131072K), 11 survivors (11264K)
 Metaspace       used 133457K, committed 134848K, reserved 1171456K
  class space    used 17810K, committed 18496K, reserved 1048576K
}
Event: 9394.048 GC heap after
{Heap after GC invocations=60 (full 2):
 garbage-first heap   total 324608K, used 151810K [0x0000000080000000, 0x0000000100000000)
  region size 1024K, 19 young (19456K), 19 survivors (19456K)
 Metaspace       used 133457K, committed 134848K, reserved 1171456K
  class space    used 17810K, committed 18496K, reserved 1048576K
}
Event: 9394.171 GC heap before
{Heap before GC invocations=60 (full 2):
 garbage-first heap   total 324608K, used 156930K [0x0000000080000000, 0x0000000100000000)
  region size 1024K, 20 young (20480K), 19 survivors (19456K)
 Metaspace       used 133465K, committed 134912K, reserved 1171456K
  class space    used 17810K, committed 18496K, reserved 1048576K
}
Event: 9394.187 GC heap after
{Heap after GC invocations=61 (full 2):
 garbage-first heap   total 324608K, used 133754K [0x0000000080000000, 0x0000000100000000)
  region size 1024K, 3 young (3072K), 3 survivors (3072K)
 Metaspace       used 133465K, committed 134912K, reserved 1171456K
  class space    used 17810K, committed 18496K, reserved 1048576K
}
Event: 9439.314 GC heap before
{Heap before GC invocations=61 (full 2):
 garbage-first heap   total 324608K, used 250490K [0x0000000080000000, 0x0000000100000000)
  region size 1024K, 119 young (121856K), 3 survivors (3072K)
 Metaspace       used 133739K, committed 135168K, reserved 1171456K
  class space    used 17830K, committed 18496K, reserved 1048576K
}
Event: 9439.329 GC heap after
{Heap after GC invocations=62 (full 2):
 garbage-first heap   total 324608K, used 141765K [0x0000000080000000, 0x0000000100000000)
  region size 1024K, 11 young (11264K), 11 survivors (11264K)
 Metaspace       used 133739K, committed 135168K, reserved 1171456K
  class space    used 17830K, committed 18496K, reserved 1048576K
}
Event: 9966.128 GC heap before
{Heap before GC invocations=63 (full 2):
 garbage-first heap   total 324608K, used 287173K [0x0000000080000000, 0x0000000100000000)
  region size 1024K, 127 young (130048K), 11 survivors (11264K)
 Metaspace       used 133942K, committed 135360K, reserved 1171456K
  class space    used 17835K, committed 18496K, reserved 1048576K
}
Event: 9966.148 GC heap after
{Heap after GC invocations=64 (full 2):
 garbage-first heap   total 324608K, used 144399K [0x0000000080000000, 0x0000000100000000)
  region size 1024K, 13 young (13312K), 13 survivors (13312K)
 Metaspace       used 133942K, committed 135360K, reserved 1171456K
  class space    used 17835K, committed 18496K, reserved 1048576K
}
Event: 9966.157 GC heap before
{Heap before GC invocations=64 (full 2):
 garbage-first heap   total 324608K, used 146447K [0x0000000080000000, 0x0000000100000000)
  region size 1024K, 15 young (15360K), 13 survivors (13312K)
 Metaspace       used 133943K, committed 135360K, reserved 1171456K
  class space    used 17835K, committed 18496K, reserved 1048576K
}
Event: 9966.176 GC heap after
{Heap after GC invocations=65 (full 2):
 garbage-first heap   total 324608K, used 125373K [0x0000000080000000, 0x0000000100000000)
  region size 1024K, 1 young (1024K), 1 survivors (1024K)
 Metaspace       used 133943K, committed 135360K, reserved 1171456K
  class space    used 17835K, committed 18496K, reserved 1048576K
}
Event: 9966.421 GC heap before
{Heap before GC invocations=65 (full 2):
 garbage-first heap   total 324608K, used 136637K [0x0000000080000000, 0x0000000100000000)
  region size 1024K, 14 young (14336K), 1 survivors (1024K)
 Metaspace       used 133973K, committed 135360K, reserved 1171456K
  class space    used 17835K, committed 18496K, reserved 1048576K
}
Event: 9966.425 GC heap after
{Heap after GC invocations=66 (full 2):
 garbage-first heap   total 324608K, used 125569K [0x0000000080000000, 0x0000000100000000)
  region size 1024K, 1 young (1024K), 1 survivors (1024K)
 Metaspace       used 133973K, committed 135360K, reserved 1171456K
  class space    used 17835K, committed 18496K, reserved 1048576K
}
Event: 10299.496 GC heap before
{Heap before GC invocations=67 (full 2):
 garbage-first heap   total 324608K, used 302721K [0x0000000080000000, 0x0000000100000000)
  region size 1024K, 127 young (130048K), 1 survivors (1024K)
 Metaspace       used 134207K, committed 135616K, reserved 1171456K
  class space    used 17836K, committed 18496K, reserved 1048576K
}
Event: 10299.499 GC heap after
{Heap after GC invocations=68 (full 2):
 garbage-first heap   total 324608K, used 118483K [0x0000000080000000, 0x0000000100000000)
  region size 1024K, 2 young (2048K), 2 survivors (2048K)
 Metaspace       used 134207K, committed 135616K, reserved 1171456K
  class space    used 17836K, committed 18496K, reserved 1048576K
}
Event: 10299.692 GC heap before
{Heap before GC invocations=68 (full 2):
 garbage-first heap   total 324608K, used 131795K [0x0000000080000000, 0x0000000100000000)
  region size 1024K, 15 young (15360K), 2 survivors (2048K)
 Metaspace       used 134214K, committed 135680K, reserved 1171456K
  class space    used 17836K, committed 18496K, reserved 1048576K
}
Event: 10299.697 GC heap after
{Heap after GC invocations=69 (full 2):
 garbage-first heap   total 324608K, used 116739K [0x0000000080000000, 0x0000000100000000)
  region size 1024K, 2 young (2048K), 2 survivors (2048K)
 Metaspace       used 134214K, committed 135680K, reserved 1171456K
  class space    used 17836K, committed 18496K, reserved 1048576K
}
Event: 10303.924 GC heap before
{Heap before GC invocations=69 (full 2):
 garbage-first heap   total 324608K, used 211971K [0x0000000080000000, 0x0000000100000000)
  region size 1024K, 97 young (99328K), 2 survivors (2048K)
 Metaspace       used 134297K, committed 135744K, reserved 1171456K
  class space    used 17836K, committed 18496K, reserved 1048576K
}

