# JRE version: OpenJDK Runtime Environment (17.0.6) (build 17.0.6+0-b2043.56-10027231)
# Java VM: OpenJDK 64-Bit Server VM (17.0.6+0-b2043.56-10027231, mixed mode, tiered, compressed oops, compressed class ptrs, g1 gc, windows-amd64)
GC Precious Log:
 CPUs: 8 total, 8 available
 Memory: 32718M
 Large Page Support: Disabled
 NUMA Support: Disabled
 Compressed Oops: Enabled (32-bit)
 Heap Region Size: 1M
 Heap Min Capacity: 8M
 Heap Initial Capacity: 512M
 Heap Max Capacity: 2G
 Pre-touch: Disabled
 Parallel Workers: 8
 Concurrent Workers: 2
 Concurrent Refinement Workers: 8
 Periodic GC: Disabled
Heap:
 garbage-first heap   total 194560K, used 123506K [0x0000000080000000, 0x0000000100000000)
  region size 1024K, 35 young (35840K), 9 survivors (9216K)
 Metaspace       used 92510K, committed 93120K, reserved 1130496K
  class space    used 12477K, committed 12736K, reserved 1048576K
GC Heap History (20 events):
Event: 7.704 GC heap before
{Heap before GC invocations=10 (full 0):
 garbage-first heap   total 65536K, used 47556K [0x0000000080000000, 0x0000000100000000)
  region size 1024K, 27 young (27648K), 3 survivors (3072K)
 Metaspace       used 40422K, committed 40768K, reserved 1089536K
  class space    used 5363K, committed 5504K, reserved 1048576K
}
Event: 7.712 GC heap after
{Heap after GC invocations=11 (full 0):
 garbage-first heap   total 65536K, used 27320K [0x0000000080000000, 0x0000000100000000)
  region size 1024K, 4 young (4096K), 4 survivors (4096K)
 Metaspace       used 40422K, committed 40768K, reserved 1089536K
  class space    used 5363K, committed 5504K, reserved 1048576K
}
Event: 7.719 GC heap before
{Heap before GC invocations=11 (full 0):
 garbage-first heap   total 65536K, used 28344K [0x0000000080000000, 0x0000000100000000)
  region size 1024K, 5 young (5120K), 4 survivors (4096K)
 Metaspace       used 40423K, committed 40768K, reserved 1089536K
  class space    used 5363K, committed 5504K, reserved 1048576K
}
Event: 7.729 GC heap after
{Heap after GC invocations=12 (full 0):
 garbage-first heap   total 294912K, used 27711K [0x0000000080000000, 0x0000000100000000)
  region size 1024K, 1 young (1024K), 1 survivors (1024K)
 Metaspace       used 40423K, committed 40768K, reserved 1089536K
  class space    used 5363K, committed 5504K, reserved 1048576K
}
Event: 11.907 GC heap before
{Heap before GC invocations=12 (full 0):
 garbage-first heap   total 294912K, used 215103K [0x0000000080000000, 0x0000000100000000)
  region size 1024K, 172 young (176128K), 1 survivors (1024K)
 Metaspace       used 52638K, committed 53120K, reserved 1097728K
  class space    used 6951K, committed 7168K, reserved 1048576K
}
Event: 11.926 GC heap after
{Heap after GC invocations=13 (full 0):
 garbage-first heap   total 294912K, used 53391K [0x0000000080000000, 0x0000000100000000)
  region size 1024K, 18 young (18432K), 18 survivors (18432K)
 Metaspace       used 52638K, committed 53120K, reserved 1097728K
  class space    used 6951K, committed 7168K, reserved 1048576K
}
Event: 13.206 GC heap before
{Heap before GC invocations=13 (full 0):
 garbage-first heap   total 294912K, used 98447K [0x0000000080000000, 0x0000000100000000)
  region size 1024K, 63 young (64512K), 18 survivors (18432K)
 Metaspace       used 59726K, committed 60160K, reserved 1105920K
  class space    used 7811K, committed 8000K, reserved 1048576K
}
Event: 13.225 GC heap after
{Heap after GC invocations=14 (full 0):
 garbage-first heap   total 294912K, used 56097K [0x0000000080000000, 0x0000000100000000)
  region size 1024K, 3 young (3072K), 3 survivors (3072K)
 Metaspace       used 59726K, committed 60160K, reserved 1105920K
  class space    used 7811K, committed 8000K, reserved 1048576K
}
Event: 16.597 GC heap before
{Heap before GC invocations=15 (full 0):
 garbage-first heap   total 194560K, used 175905K [0x0000000080000000, 0x0000000100000000)
  region size 1024K, 114 young (116736K), 3 survivors (3072K)
 Metaspace       used 70775K, committed 71296K, reserved 1114112K
  class space    used 9293K, committed 9536K, reserved 1048576K
}
Event: 16.615 GC heap after
{Heap after GC invocations=16 (full 0):
 garbage-first heap   total 194560K, used 64932K [0x0000000080000000, 0x0000000100000000)
  region size 1024K, 12 young (12288K), 12 survivors (12288K)
 Metaspace       used 70775K, committed 71296K, reserved 1114112K
  class space    used 9293K, committed 9536K, reserved 1048576K
}
Event: 16.631 GC heap before
{Heap before GC invocations=16 (full 0):
 garbage-first heap   total 194560K, used 65956K [0x0000000080000000, 0x0000000100000000)
  region size 1024K, 13 young (13312K), 12 survivors (12288K)
 Metaspace       used 70775K, committed 71296K, reserved 1114112K
  class space    used 9293K, committed 9536K, reserved 1048576K
}
Event: 16.647 GC heap after
{Heap after GC invocations=17 (full 0):
 garbage-first heap   total 194560K, used 65555K [0x0000000080000000, 0x0000000100000000)
  region size 1024K, 2 young (2048K), 2 survivors (2048K)
 Metaspace       used 70775K, committed 71296K, reserved 1114112K
  class space    used 9293K, committed 9536K, reserved 1048576K
}
Event: 19.127 GC heap before
{Heap before GC invocations=17 (full 0):
 garbage-first heap   total 194560K, used 153619K [0x0000000080000000, 0x0000000100000000)
  region size 1024K, 87 young (89088K), 2 survivors (2048K)
 Metaspace       used 78084K, committed 78656K, reserved 1122304K
  class space    used 10466K, committed 10752K, reserved 1048576K
}
Event: 19.137 GC heap after
{Heap after GC invocations=18 (full 0):
 garbage-first heap   total 194560K, used 70438K [0x0000000080000000, 0x0000000100000000)
  region size 1024K, 6 young (6144K), 6 survivors (6144K)
 Metaspace       used 78084K, committed 78656K, reserved 1122304K
  class space    used 10466K, committed 10752K, reserved 1048576K
}
Event: 22.658 GC heap before
{Heap before GC invocations=18 (full 0):
 garbage-first heap   total 194560K, used 155430K [0x0000000080000000, 0x0000000100000000)
  region size 1024K, 89 young (91136K), 6 survivors (6144K)
 Metaspace       used 87110K, committed 87680K, reserved 1130496K
  class space    used 11761K, committed 12032K, reserved 1048576K
}
Event: 22.678 GC heap after
{Heap after GC invocations=19 (full 0):
 garbage-first heap   total 194560K, used 77554K [0x0000000080000000, 0x0000000100000000)
  region size 1024K, 12 young (12288K), 12 survivors (12288K)
 Metaspace       used 87110K, committed 87680K, reserved 1130496K
  class space    used 11761K, committed 12032K, reserved 1048576K
}
Event: 24.555 GC heap before
{Heap before GC invocations=19 (full 0):
 garbage-first heap   total 194560K, used 156402K [0x0000000080000000, 0x0000000100000000)
  region size 1024K, 89 young (91136K), 12 survivors (12288K)
 Metaspace       used 91100K, committed 91712K, reserved 1130496K
  class space    used 12278K, committed 12544K, reserved 1048576K
}
Event: 24.585 GC heap after
{Heap after GC invocations=20 (full 0):
 garbage-first heap   total 194560K, used 90153K [0x0000000080000000, 0x0000000100000000)
  region size 1024K, 12 young (12288K), 12 survivors (12288K)
 Metaspace       used 91100K, committed 91712K, reserved 1130496K
  class space    used 12278K, committed 12544K, reserved 1048576K
}
Event: 25.778 GC heap before
{Heap before GC invocations=20 (full 0):
 garbage-first heap   total 194560K, used 151593K [0x0000000080000000, 0x0000000100000000)
  region size 1024K, 73 young (74752K), 12 survivors (12288K)
 Metaspace       used 92106K, committed 92736K, reserved 1130496K
  class space    used 12443K, committed 12736K, reserved 1048576K
}
Event: 25.801 GC heap after
{Heap after GC invocations=21 (full 0):
 garbage-first heap   total 194560K, used 98930K [0x0000000080000000, 0x0000000100000000)
  region size 1024K, 9 young (9216K), 9 survivors (9216K)
 Metaspace       used 92106K, committed 92736K, reserved 1130496K
  class space    used 12443K, committed 12736K, reserved 1048576K
}

